{"C:\\Users\\kaout\\Downloads\\bijlagen\\bijlagen\\vraag 3\\app.js": {"path":"C:\\Users\\kaout\\Downloads\\bijlagen\\bijlagen\\vraag 3\\app.js","statementMap":{"0":{"start":{"line":2,"column":2},"end":{"line":2,"column":15}},"1":{"start":{"line":5,"column":0},"end":{"line":5,"column":21}}},"fnMap":{"0":{"name":"add","decl":{"start":{"line":1,"column":9},"end":{"line":1,"column":12}},"loc":{"start":{"line":1,"column":19},"end":{"line":3,"column":1}},"line":1}},"branchMap":{},"s":{"0":1,"1":1},"f":{"0":1},"b":{},"_coverageSchema":"1a1c01bbd47fc00a2c39e90264f33305004495a9","hash":"609bdf1b15ed0f5a274f2461fec40fa39c58b19c"}
}
